1592839906370	mozrunner::runner	INFO	Running command: "/Applications/Firefox.app/Contents/MacOS/firefox-bin" "-marionette" "--window-size=1920,1080" "-foreground" "-no-remote" "-profile" "/var/folders/v7/2ymss9rd5kj3gvxbk8ptpl_00000gn/T/rust_mozprofiledU17Yp"
1592839908799	Marionette	INFO	Listening on port 57619
1592839908832	Marionette	WARN	TLS certificate errors will be ignored for this session
JavaScript error: resource://gre/modules/NetworkGeolocationProvider.jsm, line 555: TypeError: xhr.response.location is undefined
JavaScript error: resource://gre/modules/NetworkGeolocationProvider.jsm, line 555: TypeError: xhr.response.location is undefined
1592840198219	mozrunner::runner	INFO	Running command: "/Applications/Firefox.app/Contents/MacOS/firefox-bin" "-marionette" "--window-size=1920,1080" "-foreground" "-no-remote" "-profile" "/var/folders/v7/2ymss9rd5kj3gvxbk8ptpl_00000gn/T/rust_mozprofileqz4CI0"
1592840200177	Marionette	INFO	Listening on port 57771
1592840200258	Marionette	WARN	TLS certificate errors will be ignored for this session
1592840225225	Marionette	INFO	Stopped listening on port 57619
JavaScript error: , line 0: TypeError: NetworkError when attempting to fetch resource.
JavaScript error: , line 0: TypeError: NetworkError when attempting to fetch resource.
JavaScript error: , line 0: TypeError: NetworkError when attempting to fetch resource.
JavaScript error: , line 0: TypeError: NetworkError when attempting to fetch resource.
JavaScript error: , line 0: TypeError: NetworkError when attempting to fetch resource.
JavaScript error: , line 0: TypeError: NetworkError when attempting to fetch resource.
JavaScript error: , line 0: TypeError: NetworkError when attempting to fetch resource.
JavaScript error: , line 0: TypeError: NetworkError when attempting to fetch resource.
JavaScript error: , line 0: TypeError: NetworkError when attempting to fetch resource.
JavaScript error: , line 0: TypeError: NetworkError when attempting to fetch resource.
JavaScript error: , line 0: TypeError: NetworkError when attempting to fetch resource.
JavaScript error: , line 0: TypeError: NetworkError when attempting to fetch resource.
JavaScript error: , line 0: TypeError: NetworkError when attempting to fetch resource.
JavaScript error: , line 0: TypeError: NetworkError when attempting to fetch resource.
JavaScript error: , line 0: TypeError: NetworkError when attempting to fetch resource.
JavaScript error: , line 0: TypeError: NetworkError when attempting to fetch resource.
JavaScript error: , line 0: TypeError: NetworkError when attempting to fetch resource.
JavaScript error: , line 0: TypeError: NetworkError when attempting to fetch resource.
JavaScript error: , line 0: TypeError: NetworkError when attempting to fetch resource.
JavaScript error: , line 0: TypeError: NetworkError when attempting to fetch resource.
JavaScript error: , line 0: TypeError: NetworkError when attempting to fetch resource.
JavaScript error: , line 0: TypeError: NetworkError when attempting to fetch resource.
JavaScript error: , line 0: TypeError: NetworkError when attempting to fetch resource.
JavaScript error: , line 0: TypeError: NetworkError when attempting to fetch resource.
JavaScript error: , line 0: TypeError: NetworkError when attempting to fetch resource.
JavaScript error: , line 0: TypeError: NetworkError when attempting to fetch resource.
JavaScript error: , line 0: TypeError: NetworkError when attempting to fetch resource.
JavaScript error: , line 0: TypeError: NetworkError when attempting to fetch resource.
JavaScript error: , line 0: TypeError: NetworkError when attempting to fetch resource.
JavaScript error: , line 0: TypeError: NetworkError when attempting to fetch resource.
JavaScript error: , line 0: TypeError: NetworkError when attempting to fetch resource.
JavaScript error: , line 0: TypeError: NetworkError when attempting to fetch resource.
JavaScript error: , line 0: TypeError: NetworkError when attempting to fetch resource.
JavaScript error: , line 0: TypeError: NetworkError when attempting to fetch resource.
console.error: "Store does not have a valid reducer. Make sure the argument passed to combineReducers is an object whose values are reducers."
1592840392700	mozrunner::runner	INFO	Running command: "/Applications/Firefox.app/Contents/MacOS/firefox-bin" "-marionette" "--window-size=1920,1080" "-foreground" "-no-remote" "-profile" "/var/folders/v7/2ymss9rd5kj3gvxbk8ptpl_00000gn/T/rust_mozprofileqQ3uvb"
1592840394582	Marionette	INFO	Listening on port 58267
1592840394639	Marionette	WARN	TLS certificate errors will be ignored for this session
1592840399142	mozrunner::runner	INFO	Running command: "/Applications/Firefox.app/Contents/MacOS/firefox-bin" "-marionette" "--window-size=1920,1080" "-foreground" "-no-remote" "-profile" "/var/folders/v7/2ymss9rd5kj3gvxbk8ptpl_00000gn/T/rust_mozprofileuBvmmT"
1592840401215	Marionette	INFO	Listening on port 58369
1592840401302	Marionette	WARN	TLS certificate errors will be ignored for this session

###!!! [Child][MessageChannel] Error: (msgtype=0x5A0005,name=PHttpChannel::Msg_Cancel) Channel closing: too late to send/recv, messages will be lost


###!!! [Child][MessageChannel] Error: (msgtype=0x380131,name=PContent::Msg_ScriptError) Channel closing: too late to send/recv, messages will be lost

1592840419806	Marionette	INFO	Stopped listening on port 57771
1592840422830	Marionette	INFO	Stopped listening on port 58267
1592840439943	Marionette	INFO	Stopped listening on port 58369
1592840667936	mozrunner::runner	INFO	Running command: "/Applications/Firefox.app/Contents/MacOS/firefox-bin" "-marionette" "--window-size=1920,1080" "-foreground" "-no-remote" "-profile" "/var/folders/v7/2ymss9rd5kj3gvxbk8ptpl_00000gn/T/rust_mozprofileksaVxA"
1592840669757	Marionette	INFO	Listening on port 58627
1592840669798	Marionette	WARN	TLS certificate errors will be ignored for this session
1592840673093	mozrunner::runner	INFO	Running command: "/Applications/Firefox.app/Contents/MacOS/firefox-bin" "-marionette" "--window-size=1920,1080" "-foreground" "-no-remote" "-profile" "/var/folders/v7/2ymss9rd5kj3gvxbk8ptpl_00000gn/T/rust_mozprofileTBdzGY"
1592840675253	Marionette	INFO	Listening on port 58727
1592840675357	Marionette	WARN	TLS certificate errors will be ignored for this session
1592840679857	Marionette	WARN	TimedPromise timed out after 500 ms: stacktrace:
TimedPromise/<@chrome://marionette/content/sync.js:245:13
TimedPromise@chrome://marionette/content/sync.js:230:10
interaction.flushEventLoop@chrome://marionette/content/interaction.js:416:10
webdriverClickElement@chrome://marionette/content/interaction.js:182:31
JavaScript error: resource://gre/modules/NetworkGeolocationProvider.jsm, line 555: TypeError: xhr.response.location is undefined
1592841398641	mozrunner::runner	INFO	Running command: "/Applications/Firefox.app/Contents/MacOS/firefox-bin" "-marionette" "--window-size=1920,1080" "-foreground" "-no-remote" "-profile" "/var/folders/v7/2ymss9rd5kj3gvxbk8ptpl_00000gn/T/rust_mozprofile3KUSPy"
1592841400589	Marionette	INFO	Listening on port 59080
1592841400688	Marionette	WARN	TLS certificate errors will be ignored for this session
1592841402808	Marionette	INFO	Stopped listening on port 58727
1592841404819	Marionette	INFO	Stopped listening on port 58627
1592841405773	mozrunner::runner	INFO	Running command: "/Applications/Firefox.app/Contents/MacOS/firefox-bin" "-marionette" "--window-size=1920,1080" "-foreground" "-no-remote" "-profile" "/var/folders/v7/2ymss9rd5kj3gvxbk8ptpl_00000gn/T/rust_mozprofileKqCTau"
1592841408079	Marionette	INFO	Listening on port 59165
1592841408123	Marionette	WARN	TLS certificate errors will be ignored for this session
1592841439607	Marionette	INFO	Stopped listening on port 59165
1592841441060	Marionette	INFO	Stopped listening on port 59080
1592841454961	mozrunner::runner	INFO	Running command: "/Applications/Firefox.app/Contents/MacOS/firefox-bin" "-marionette" "--window-size=1920,1080" "-foreground" "-no-remote" "-profile" "/var/folders/v7/2ymss9rd5kj3gvxbk8ptpl_00000gn/T/rust_mozprofilerRIp40"
1592841456760	Marionette	INFO	Listening on port 59417
1592841456799	Marionette	WARN	TLS certificate errors will be ignored for this session
1592841459825	mozrunner::runner	INFO	Running command: "/Applications/Firefox.app/Contents/MacOS/firefox-bin" "-marionette" "--window-size=1920,1080" "-foreground" "-no-remote" "-profile" "/var/folders/v7/2ymss9rd5kj3gvxbk8ptpl_00000gn/T/rust_mozprofileibqQuB"
1592841461843	Marionette	INFO	Listening on port 59518
1592841461870	Marionette	WARN	TLS certificate errors will be ignored for this session
JavaScript error: , line 0: TypeError: NetworkError when attempting to fetch resource.
JavaScript error: , line 0: TypeError: NetworkError when attempting to fetch resource.
JavaScript error: resource://gre/modules/NetworkGeolocationProvider.jsm, line 555: TypeError: xhr.response.location is undefined
1592841639214	Marionette	INFO	Stopped listening on port 59417
1592841640897	Marionette	INFO	Stopped listening on port 59518
1592841736401	mozrunner::runner	INFO	Running command: "/Applications/Firefox.app/Contents/MacOS/firefox-bin" "-marionette" "--window-size=1920,1080" "-foreground" "-no-remote" "-profile" "/var/folders/v7/2ymss9rd5kj3gvxbk8ptpl_00000gn/T/rust_mozprofilekS06mU"
1592841738315	Marionette	INFO	Listening on port 60083
1592841738339	Marionette	WARN	TLS certificate errors will be ignored for this session
1592841744355	Marionette	WARN	TimedPromise timed out after 500 ms: stacktrace:
TimedPromise/<@chrome://marionette/content/sync.js:245:13
TimedPromise@chrome://marionette/content/sync.js:230:10
interaction.flushEventLoop@chrome://marionette/content/interaction.js:416:10
webdriverClickElement@chrome://marionette/content/interaction.js:182:31
1592841841724	mozrunner::runner	INFO	Running command: "/Applications/Firefox.app/Contents/MacOS/firefox-bin" "-marionette" "--window-size=1920,1080" "-foreground" "-no-remote" "-profile" "/var/folders/v7/2ymss9rd5kj3gvxbk8ptpl_00000gn/T/rust_mozprofilef4znuV"
1592841843674	Marionette	INFO	Listening on port 60353
1592841843689	Marionette	WARN	TLS certificate errors will be ignored for this session
1592841850711	Marionette	INFO	Stopped listening on port 60083
1592842079685	Marionette	INFO	Stopped listening on port 60353
1592842098585	mozrunner::runner	INFO	Running command: "/Applications/Firefox.app/Contents/MacOS/firefox-bin" "-marionette" "--window-size=1920,1080" "-foreground" "-no-remote" "-profile" "/var/folders/v7/2ymss9rd5kj3gvxbk8ptpl_00000gn/T/rust_mozprofileWqazjw"
1592842100366	Marionette	INFO	Listening on port 60667
1592842100419	Marionette	WARN	TLS certificate errors will be ignored for this session
JavaScript error: , line 0: TypeError: NetworkError when attempting to fetch resource.
JavaScript error: https://www.nike.com/assets/experience/dotcom-cart/app/public/js/npm.babel~113cc294.chunk.c142e3.js, line 1: TypeError: Invalid attempt to spread non-iterable instance.
In order to be iterable, non-array objects must have a [Symbol.iterator]() method.
JavaScript error: , line 0: AbortError: The operation was aborted. 
JavaScript error: https://www.nike.com/assets/experience/dotcom-member/profile/dist/2.9.14/client.js, line 46: TypeError: er()(...) is null
1592842170802	mozrunner::runner	INFO	Running command: "/Applications/Firefox.app/Contents/MacOS/firefox-bin" "-marionette" "--window-size=1920,1080" "-foreground" "-no-remote" "-profile" "/var/folders/v7/2ymss9rd5kj3gvxbk8ptpl_00000gn/T/rust_mozprofileIQoeK6"
1592842172807	Marionette	INFO	Listening on port 60895
1592842172848	Marionette	WARN	TLS certificate errors will be ignored for this session
JavaScript error: , line 0: AbortError: The operation was aborted. 
1592842180662	Marionette	INFO	Stopped listening on port 60667
1592842245205	mozrunner::runner	INFO	Running command: "/Applications/Firefox.app/Contents/MacOS/firefox-bin" "-marionette" "--window-size=1920,1080" "-foreground" "-no-remote" "-profile" "/var/folders/v7/2ymss9rd5kj3gvxbk8ptpl_00000gn/T/rust_mozprofile1IXkRv"
1592842247032	Marionette	INFO	Listening on port 61095
1592842247054	Marionette	WARN	TLS certificate errors will be ignored for this session
1592842267405	Marionette	INFO	Stopped listening on port 60895

###!!! [Child][MessageChannel] Error: (msgtype=0x5A000D,name=PHttpChannel::Msg_DeletingChannel) Channel closing: too late to send/recv, messages will be lost

1592842277029	Marionette	INFO	Stopped listening on port 61095
1592842284980	mozrunner::runner	INFO	Running command: "/Applications/Firefox.app/Contents/MacOS/firefox-bin" "-marionette" "--window-size=1920,1080" "-foreground" "-no-remote" "-profile" "/var/folders/v7/2ymss9rd5kj3gvxbk8ptpl_00000gn/T/rust_mozprofilewJbTDC"
1592842287064	Marionette	INFO	Listening on port 61298
1592842287134	Marionette	WARN	TLS certificate errors will be ignored for this session
1592842287710	Marionette	INFO	Stopped listening on port 61298
1592842312564	mozrunner::runner	INFO	Running command: "/Applications/Firefox.app/Contents/MacOS/firefox-bin" "-marionette" "--window-size=1920,1080" "-foreground" "-no-remote" "-profile" "/var/folders/v7/2ymss9rd5kj3gvxbk8ptpl_00000gn/T/rust_mozprofileNDpQOD"
1592842314611	Marionette	INFO	Listening on port 61347
1592842314618	Marionette	WARN	TLS certificate errors will be ignored for this session
JavaScript error: , line 0: TypeError: NetworkError when attempting to fetch resource.
1592842509772	mozrunner::runner	INFO	Running command: "/Applications/Firefox.app/Contents/MacOS/firefox-bin" "-marionette" "--window-size=1920,1080" "-foreground" "-no-remote" "-profile" "/var/folders/v7/2ymss9rd5kj3gvxbk8ptpl_00000gn/T/rust_mozprofileYKdLV2"
1592842511656	Marionette	INFO	Listening on port 61602
1592842511706	Marionette	WARN	TLS certificate errors will be ignored for this session
JavaScript error: , line 0: AbortError: The operation was aborted. 
1592842597345	mozrunner::runner	INFO	Running command: "/Applications/Firefox.app/Contents/MacOS/firefox-bin" "-marionette" "--window-size=1920,1080" "-foreground" "-no-remote" "-profile" "/var/folders/v7/2ymss9rd5kj3gvxbk8ptpl_00000gn/T/rust_mozprofileEMxUDq"
1592842599199	Marionette	INFO	Listening on port 61818
1592842599287	Marionette	WARN	TLS certificate errors will be ignored for this session
JavaScript error: , line 0: AbortError: The operation was aborted. 
1592842853322	mozrunner::runner	INFO	Running command: "/Applications/Firefox.app/Contents/MacOS/firefox-bin" "-marionette" "--window-size=1920,1080" "-foreground" "-no-remote" "-profile" "/var/folders/v7/2ymss9rd5kj3gvxbk8ptpl_00000gn/T/rust_mozprofilehj2fKh"
1592842855535	Marionette	INFO	Listening on port 62104
1592842855575	Marionette	WARN	TLS certificate errors will be ignored for this session
JavaScript error: , line 0: TypeError: NetworkError when attempting to fetch resource.
1592842857993	Marionette	INFO	Stopped listening on port 61818
1592842860352	Marionette	INFO	Stopped listening on port 61602
1592842869636	Marionette	WARN	TimedPromise timed out after 500 ms: stacktrace:
TimedPromise/<@chrome://marionette/content/sync.js:245:13
TimedPromise@chrome://marionette/content/sync.js:230:10
interaction.flushEventLoop@chrome://marionette/content/interaction.js:416:10
webdriverClickElement@chrome://marionette/content/interaction.js:182:31
1592842870453	Marionette	WARN	TimedPromise timed out after 500 ms: stacktrace:
TimedPromise/<@chrome://marionette/content/sync.js:245:13
TimedPromise@chrome://marionette/content/sync.js:230:10
interaction.flushEventLoop@chrome://marionette/content/interaction.js:416:10
webdriverClickElement@chrome://marionette/content/interaction.js:182:31
JavaScript error: https://www.nike.com/assets/experience/dotcom-snkrs/ux/builds/app.87e19ee10f0a19314eea.js line 1 > eval, line 3992: TypeError: res.payload.error.data is undefined
JavaScript error: https://www.nike.com/assets/experience/dotcom-snkrs/ux/builds/app.87e19ee10f0a19314eea.js line 1 > eval, line 3992: TypeError: res.payload.error.data is undefined
JavaScript error: https://www.nike.com/assets/experience/dotcom-snkrs/ux/builds/app.87e19ee10f0a19314eea.js line 1 > eval, line 3992: TypeError: res.payload.error.data is undefined
JavaScript error: https://www.nike.com/assets/experience/dotcom-snkrs/ux/builds/app.87e19ee10f0a19314eea.js line 1 > eval, line 3992: TypeError: res.payload.error.data is undefined
JavaScript error: https://www.nike.com/assets/experience/dotcom-snkrs/ux/builds/app.87e19ee10f0a19314eea.js line 1 > eval, line 3992: TypeError: res.payload.error.data is undefined
JavaScript error: https://www.nike.com/assets/experience/dotcom-snkrs/ux/builds/app.87e19ee10f0a19314eea.js line 1 > eval, line 3992: TypeError: res.payload.error.data is undefined
JavaScript error: https://www.nike.com/assets/experience/dotcom-snkrs/ux/builds/app.87e19ee10f0a19314eea.js line 1 > eval, line 3992: TypeError: res.payload.error.data is undefined
JavaScript error: https://www.nike.com/assets/experience/dotcom-snkrs/ux/builds/app.87e19ee10f0a19314eea.js line 1 > eval, line 3992: TypeError: res.payload.error.data is undefined
JavaScript error: https://www.nike.com/assets/experience/dotcom-snkrs/ux/builds/app.87e19ee10f0a19314eea.js line 1 > eval, line 3992: TypeError: res.payload.error.data is undefined
JavaScript error: https://www.nike.com/assets/experience/dotcom-snkrs/ux/builds/app.87e19ee10f0a19314eea.js line 1 > eval, line 3992: TypeError: res.payload.error.data is undefined
JavaScript error: https://www.nike.com/assets/experience/dotcom-snkrs/ux/builds/app.87e19ee10f0a19314eea.js line 1 > eval, line 3992: TypeError: res.payload.error.data is undefined
JavaScript error: https://www.nike.com/assets/experience/dotcom-snkrs/ux/builds/app.87e19ee10f0a19314eea.js line 1 > eval, line 3992: TypeError: res.payload.error.data is undefined
JavaScript error: https://www.nike.com/assets/experience/dotcom-snkrs/ux/builds/app.87e19ee10f0a19314eea.js line 1 > eval, line 3992: TypeError: res.payload.error.data is undefined
JavaScript error: https://www.nike.com/assets/experience/dotcom-snkrs/ux/builds/app.87e19ee10f0a19314eea.js line 1 > eval, line 3992: TypeError: res.payload.error.data is undefined
JavaScript error: https://www.nike.com/assets/experience/dotcom-snkrs/ux/builds/app.87e19ee10f0a19314eea.js line 1 > eval, line 3992: TypeError: res.payload.error.data is undefined
JavaScript error: https://www.nike.com/assets/experience/dotcom-snkrs/ux/builds/app.87e19ee10f0a19314eea.js line 1 > eval, line 3992: TypeError: res.payload.error.data is undefined
JavaScript error: https://www.nike.com/assets/experience/dotcom-snkrs/ux/builds/app.87e19ee10f0a19314eea.js line 1 > eval, line 3992: TypeError: res.payload.error.data is undefined
JavaScript error: https://www.nike.com/assets/experience/dotcom-snkrs/ux/builds/app.87e19ee10f0a19314eea.js line 1 > eval, line 3992: TypeError: res.payload.error.data is undefined
JavaScript error: https://www.nike.com/assets/experience/dotcom-snkrs/ux/builds/app.87e19ee10f0a19314eea.js line 1 > eval, line 3992: TypeError: res.payload.error.data is undefined
JavaScript error: https://www.nike.com/assets/experience/dotcom-snkrs/ux/builds/app.87e19ee10f0a19314eea.js line 1 > eval, line 3992: TypeError: res.payload.error.data is undefined
JavaScript error: https://www.nike.com/assets/experience/dotcom-snkrs/ux/builds/app.87e19ee10f0a19314eea.js line 1 > eval, line 3992: TypeError: res.payload.error.data is undefined
JavaScript error: https://www.nike.com/assets/experience/dotcom-snkrs/ux/builds/app.87e19ee10f0a19314eea.js line 1 > eval, line 3992: TypeError: res.payload.error.data is undefined
JavaScript error: https://www.nike.com/assets/experience/dotcom-snkrs/ux/builds/app.87e19ee10f0a19314eea.js line 1 > eval, line 3992: TypeError: res.payload.error.data is undefined
JavaScript error: https://www.nike.com/assets/experience/dotcom-snkrs/ux/builds/app.87e19ee10f0a19314eea.js line 1 > eval, line 3992: TypeError: res.payload.error.data is undefined
JavaScript error: https://www.nike.com/assets/experience/dotcom-snkrs/ux/builds/app.87e19ee10f0a19314eea.js line 1 > eval, line 3992: TypeError: res.payload.error.data is undefined
JavaScript error: , line 0: TypeError: NetworkError when attempting to fetch resource.
JavaScript error: , line 0: TypeError: NetworkError when attempting to fetch resource.
JavaScript error: , line 0: TypeError: NetworkError when attempting to fetch resource.
JavaScript error: , line 0: TypeError: NetworkError when attempting to fetch resource.
JavaScript error: , line 0: TypeError: NetworkError when attempting to fetch resource.
JavaScript error: , line 0: TypeError: NetworkError when attempting to fetch resource.
JavaScript error: , line 0: TypeError: NetworkError when attempting to fetch resource.
JavaScript error: , line 0: TypeError: NetworkError when attempting to fetch resource.
1592842892582	Marionette	INFO	Stopped listening on port 62104
1592842902320	mozrunner::runner	INFO	Running command: "/Applications/Firefox.app/Contents/MacOS/firefox-bin" "-marionette" "--window-size=1920,1080" "-foreground" "-no-remote" "-profile" "/var/folders/v7/2ymss9rd5kj3gvxbk8ptpl_00000gn/T/rust_mozprofilem6mmZC"
1592842904140	Marionette	INFO	Listening on port 62400
1592842904172	Marionette	WARN	TLS certificate errors will be ignored for this session
JavaScript error: , line 0: TypeError: NetworkError when attempting to fetch resource.
JavaScript error: https://www.nike.com/assets/experience/dotcom-snkrs/ux/builds/app.87e19ee10f0a19314eea.js line 1 > eval, line 3992: TypeError: res.payload.error.data is undefined
JavaScript error: https://www.nike.com/assets/experience/dotcom-snkrs/ux/builds/app.87e19ee10f0a19314eea.js line 1 > eval, line 3992: TypeError: res.payload.error.data is undefined
JavaScript error: https://www.nike.com/assets/experience/dotcom-snkrs/ux/builds/app.87e19ee10f0a19314eea.js line 1 > eval, line 3992: TypeError: res.payload.error.data is undefined
JavaScript error: https://www.nike.com/assets/experience/dotcom-snkrs/ux/builds/app.87e19ee10f0a19314eea.js line 1 > eval, line 3992: TypeError: res.payload.error.data is undefined
JavaScript error: https://www.nike.com/assets/experience/dotcom-snkrs/ux/builds/app.87e19ee10f0a19314eea.js line 1 > eval, line 3992: TypeError: res.payload.error.data is undefined
JavaScript error: https://www.nike.com/assets/experience/dotcom-snkrs/ux/builds/app.87e19ee10f0a19314eea.js line 1 > eval, line 3992: TypeError: res.payload.error.data is undefined
JavaScript error: https://www.nike.com/assets/experience/dotcom-snkrs/ux/builds/app.87e19ee10f0a19314eea.js line 1 > eval, line 3992: TypeError: res.payload.error.data is undefined
JavaScript error: https://www.nike.com/assets/experience/dotcom-snkrs/ux/builds/app.87e19ee10f0a19314eea.js line 1 > eval, line 3992: TypeError: res.payload.error.data is undefined
JavaScript error: https://www.nike.com/assets/experience/dotcom-snkrs/ux/builds/app.87e19ee10f0a19314eea.js line 1 > eval, line 3992: TypeError: res.payload.error.data is undefined
JavaScript error: https://www.nike.com/assets/experience/dotcom-snkrs/ux/builds/app.87e19ee10f0a19314eea.js line 1 > eval, line 3992: TypeError: res.payload.error.data is undefined
JavaScript error: https://www.nike.com/assets/experience/dotcom-snkrs/ux/builds/app.87e19ee10f0a19314eea.js line 1 > eval, line 3992: TypeError: res.payload.error.data is undefined
JavaScript error: https://www.nike.com/assets/experience/dotcom-snkrs/ux/builds/app.87e19ee10f0a19314eea.js line 1 > eval, line 3992: TypeError: res.payload.error.data is undefined
JavaScript error: https://www.nike.com/assets/experience/dotcom-snkrs/ux/builds/app.87e19ee10f0a19314eea.js line 1 > eval, line 3992: TypeError: res.payload.error.data is undefined
JavaScript error: https://www.nike.com/assets/experience/dotcom-snkrs/ux/builds/app.87e19ee10f0a19314eea.js line 1 > eval, line 3992: TypeError: res.payload.error.data is undefined
JavaScript error: https://www.nike.com/assets/experience/dotcom-snkrs/ux/builds/app.87e19ee10f0a19314eea.js line 1 > eval, line 3992: TypeError: res.payload.error.data is undefined
JavaScript error: https://www.nike.com/assets/experience/dotcom-snkrs/ux/builds/app.87e19ee10f0a19314eea.js line 1 > eval, line 3992: TypeError: res.payload.error.data is undefined
JavaScript error: https://www.nike.com/assets/experience/dotcom-snkrs/ux/builds/app.87e19ee10f0a19314eea.js line 1 > eval, line 3992: TypeError: res.payload.error.data is undefined
JavaScript error: https://www.nike.com/assets/experience/dotcom-snkrs/ux/builds/app.87e19ee10f0a19314eea.js line 1 > eval, line 3992: TypeError: res.payload.error.data is undefined
JavaScript error: https://www.nike.com/assets/experience/dotcom-snkrs/ux/builds/app.87e19ee10f0a19314eea.js line 1 > eval, line 3992: TypeError: res.payload.error.data is undefined
JavaScript error: https://www.nike.com/assets/experience/dotcom-snkrs/ux/builds/app.87e19ee10f0a19314eea.js line 1 > eval, line 3992: TypeError: res.payload.error.data is undefined
JavaScript error: https://www.nike.com/assets/experience/dotcom-snkrs/ux/builds/app.87e19ee10f0a19314eea.js line 1 > eval, line 3992: TypeError: res.payload.error.data is undefined
JavaScript error: https://www.nike.com/assets/experience/dotcom-snkrs/ux/builds/app.87e19ee10f0a19314eea.js line 1 > eval, line 3992: TypeError: res.payload.error.data is undefined
JavaScript error: https://www.nike.com/assets/experience/dotcom-snkrs/ux/builds/app.87e19ee10f0a19314eea.js line 1 > eval, line 3992: TypeError: res.payload.error.data is undefined
JavaScript error: https://www.nike.com/assets/experience/dotcom-snkrs/ux/builds/app.87e19ee10f0a19314eea.js line 1 > eval, line 3992: TypeError: res.payload.error.data is undefined
JavaScript error: https://www.nike.com/assets/experience/dotcom-snkrs/ux/builds/app.87e19ee10f0a19314eea.js line 1 > eval, line 3992: TypeError: res.payload.error.data is undefined
JavaScript error: https://www.nike.com/assets/experience/dotcom-snkrs/ux/builds/app.87e19ee10f0a19314eea.js line 1 > eval, line 3992: TypeError: res.payload.error.data is undefined
JavaScript error: https://www.nike.com/assets/experience/dotcom-snkrs/ux/builds/app.87e19ee10f0a19314eea.js line 1 > eval, line 3992: TypeError: res.payload.error.data is undefined
JavaScript error: https://www.nike.com/assets/experience/dotcom-snkrs/ux/builds/app.87e19ee10f0a19314eea.js line 1 > eval, line 3992: TypeError: res.payload.error.data is undefined
JavaScript error: https://www.nike.com/assets/experience/dotcom-snkrs/ux/builds/app.87e19ee10f0a19314eea.js line 1 > eval, line 3992: TypeError: res.payload.error.data is undefined
JavaScript error: https://www.nike.com/assets/experience/dotcom-snkrs/ux/builds/app.87e19ee10f0a19314eea.js line 1 > eval, line 3992: TypeError: res.payload.error.data is undefined
JavaScript error: https://www.nike.com/assets/experience/dotcom-snkrs/ux/builds/app.87e19ee10f0a19314eea.js line 1 > eval, line 3992: TypeError: res.payload.error.data is undefined
JavaScript error: https://www.nike.com/assets/experience/dotcom-snkrs/ux/builds/app.87e19ee10f0a19314eea.js line 1 > eval, line 3992: TypeError: res.payload.error.data is undefined
JavaScript error: https://www.nike.com/assets/experience/dotcom-snkrs/ux/builds/app.87e19ee10f0a19314eea.js line 1 > eval, line 3992: TypeError: res.payload.error.data is undefined
JavaScript error: https://www.nike.com/assets/experience/dotcom-snkrs/ux/builds/app.87e19ee10f0a19314eea.js line 1 > eval, line 3992: TypeError: res.payload.error.data is undefined
JavaScript error: https://www.nike.com/assets/experience/dotcom-snkrs/ux/builds/app.87e19ee10f0a19314eea.js line 1 > eval, line 3992: TypeError: res.payload.error.data is undefined
JavaScript error: https://www.nike.com/assets/experience/dotcom-snkrs/ux/builds/app.87e19ee10f0a19314eea.js line 1 > eval, line 3992: TypeError: res.payload.error.data is undefined
JavaScript error: https://www.nike.com/assets/experience/dotcom-snkrs/ux/builds/app.87e19ee10f0a19314eea.js line 1 > eval, line 3992: TypeError: res.payload.error.data is undefined
JavaScript error: https://www.nike.com/assets/experience/dotcom-snkrs/ux/builds/app.87e19ee10f0a19314eea.js line 1 > eval, line 3992: TypeError: res.payload.error.data is undefined
JavaScript error: https://www.nike.com/assets/experience/dotcom-cart/app/public/js/npm.nike~455f91e1.chunk.84498f.js, line 1: TypeError: _()(...) is null
1592842952661	Marionette	INFO	Stopped listening on port 62400
1592842961364	mozrunner::runner	INFO	Running command: "/Applications/Firefox.app/Contents/MacOS/firefox-bin" "-marionette" "--window-size=1920,1080" "-foreground" "-no-remote" "-profile" "/var/folders/v7/2ymss9rd5kj3gvxbk8ptpl_00000gn/T/rust_mozprofileWmJwJa"
1592842963138	Marionette	INFO	Listening on port 62627
1592842963206	Marionette	WARN	TLS certificate errors will be ignored for this session
JavaScript error: , line 0: TypeError: NetworkError when attempting to fetch resource.
JavaScript error: , line 0: TypeError: NetworkError when attempting to fetch resource.
1592843048427	mozrunner::runner	INFO	Running command: "/Applications/Firefox.app/Contents/MacOS/firefox-bin" "-marionette" "--window-size=1920,1080" "-foreground" "-no-remote" "-profile" "/var/folders/v7/2ymss9rd5kj3gvxbk8ptpl_00000gn/T/rust_mozprofile54qvWY"
1592843050233	Marionette	INFO	Listening on port 62849
1592843050265	Marionette	WARN	TLS certificate errors will be ignored for this session
1592843053637	Marionette	WARN	TimedPromise timed out after 500 ms: stacktrace:
TimedPromise/<@chrome://marionette/content/sync.js:245:13
TimedPromise@chrome://marionette/content/sync.js:230:10
interaction.flushEventLoop@chrome://marionette/content/interaction.js:416:10
webdriverClickElement@chrome://marionette/content/interaction.js:182:31
JavaScript error: https://www.nike.com/assets/experience/dotcom-snkrs/ux/builds/app.87e19ee10f0a19314eea.js line 1 > eval, line 3992: TypeError: res.payload.error.data is undefined
JavaScript error: https://www.nike.com/assets/experience/dotcom-snkrs/ux/builds/app.87e19ee10f0a19314eea.js line 1 > eval, line 3992: TypeError: res.payload.error.data is undefined
JavaScript error: https://www.nike.com/assets/experience/dotcom-snkrs/ux/builds/app.87e19ee10f0a19314eea.js line 1 > eval, line 3992: TypeError: res.payload.error.data is undefined
JavaScript error: https://www.nike.com/assets/experience/dotcom-snkrs/ux/builds/app.87e19ee10f0a19314eea.js line 1 > eval, line 3992: TypeError: res.payload.error.data is undefined
JavaScript error: https://www.nike.com/assets/experience/dotcom-snkrs/ux/builds/app.87e19ee10f0a19314eea.js line 1 > eval, line 3992: TypeError: res.payload.error.data is undefined
JavaScript error: https://www.nike.com/assets/experience/dotcom-snkrs/ux/builds/app.87e19ee10f0a19314eea.js line 1 > eval, line 3992: TypeError: res.payload.error.data is undefined
JavaScript error: https://www.nike.com/assets/experience/dotcom-snkrs/ux/builds/app.87e19ee10f0a19314eea.js line 1 > eval, line 3992: TypeError: res.payload.error.data is undefined
JavaScript error: https://www.nike.com/assets/experience/dotcom-snkrs/ux/builds/app.87e19ee10f0a19314eea.js line 1 > eval, line 3992: TypeError: res.payload.error.data is undefined
JavaScript error: https://www.nike.com/assets/experience/dotcom-snkrs/ux/builds/app.87e19ee10f0a19314eea.js line 1 > eval, line 3992: TypeError: res.payload.error.data is undefined
JavaScript error: https://www.nike.com/assets/experience/dotcom-snkrs/ux/builds/app.87e19ee10f0a19314eea.js line 1 > eval, line 3992: TypeError: res.payload.error.data is undefined
JavaScript error: https://www.nike.com/assets/experience/dotcom-snkrs/ux/builds/app.87e19ee10f0a19314eea.js line 1 > eval, line 3992: TypeError: res.payload.error.data is undefined
JavaScript error: https://www.nike.com/assets/experience/dotcom-snkrs/ux/builds/app.87e19ee10f0a19314eea.js line 1 > eval, line 3992: TypeError: res.payload.error.data is undefined
JavaScript error: https://www.nike.com/assets/experience/dotcom-snkrs/ux/builds/app.87e19ee10f0a19314eea.js line 1 > eval, line 3992: TypeError: res.payload.error.data is undefined
JavaScript error: https://www.nike.com/assets/experience/dotcom-snkrs/ux/builds/app.87e19ee10f0a19314eea.js line 1 > eval, line 3992: TypeError: res.payload.error.data is undefined
JavaScript error: https://www.nike.com/assets/experience/dotcom-snkrs/ux/builds/app.87e19ee10f0a19314eea.js line 1 > eval, line 3992: TypeError: res.payload.error.data is undefined
JavaScript error: https://www.nike.com/assets/experience/dotcom-snkrs/ux/builds/app.87e19ee10f0a19314eea.js line 1 > eval, line 3992: TypeError: res.payload.error.data is undefined
JavaScript error: https://www.nike.com/assets/experience/dotcom-snkrs/ux/builds/app.87e19ee10f0a19314eea.js line 1 > eval, line 3992: TypeError: res.payload.error.data is undefined
JavaScript error: , line 0: TypeError: NetworkError when attempting to fetch resource.
JavaScript error: , line 0: TypeError: NetworkError when attempting to fetch resource.
JavaScript error: , line 0: TypeError: NetworkError when attempting to fetch resource.
JavaScript error: , line 0: TypeError: NetworkError when attempting to fetch resource.
JavaScript error: , line 0: TypeError: NetworkError when attempting to fetch resource.
JavaScript error: , line 0: TypeError: NetworkError when attempting to fetch resource.
1592843075624	Marionette	INFO	Stopped listening on port 62849
1592843113960	mozrunner::runner	INFO	Running command: "/Applications/Firefox.app/Contents/MacOS/firefox-bin" "-marionette" "--window-size=1920,1080" "-foreground" "-no-remote" "-profile" "/var/folders/v7/2ymss9rd5kj3gvxbk8ptpl_00000gn/T/rust_mozprofile23hnJy"
1592843115762	Marionette	INFO	Listening on port 63072
1592843115808	Marionette	WARN	TLS certificate errors will be ignored for this session
JavaScript error: , line 0: AbortError: The operation was aborted. 
1592843118234	Marionette	INFO	Stopped listening on port 62627
1592843185679	Marionette	INFO	Stopped listening on port 63072
1592843755336	mozrunner::runner	INFO	Running command: "/Applications/Firefox.app/Contents/MacOS/firefox-bin" "-marionette" "--window-size=1920,1080" "-foreground" "-no-remote" "-profile" "/var/folders/v7/2ymss9rd5kj3gvxbk8ptpl_00000gn/T/rust_mozprofileMfpMOH"
1592843757341	Marionette	INFO	Listening on port 49180
1592843757388	Marionette	WARN	TLS certificate errors will be ignored for this session
JavaScript error: , line 0: TypeError: NetworkError when attempting to fetch resource.
JavaScript error: , line 0: TypeError: NetworkError when attempting to fetch resource.
JavaScript error: https://www.nike.com/assets/experience/dotcom-snkrs/ux/builds/app.87e19ee10f0a19314eea.js line 1 > eval, line 3992: TypeError: res.payload.error.data is undefined
JavaScript error: https://www.nike.com/assets/experience/dotcom-snkrs/ux/builds/app.87e19ee10f0a19314eea.js line 1 > eval, line 3992: TypeError: res.payload.error.data is undefined
JavaScript error: https://www.nike.com/assets/experience/dotcom-snkrs/ux/builds/app.87e19ee10f0a19314eea.js line 1 > eval, line 3992: TypeError: res.payload.error.data is undefined
JavaScript error: https://www.nike.com/assets/experience/dotcom-snkrs/ux/builds/app.87e19ee10f0a19314eea.js line 1 > eval, line 3992: TypeError: res.payload.error.data is undefined
JavaScript error: https://www.nike.com/assets/experience/dotcom-snkrs/ux/builds/app.87e19ee10f0a19314eea.js line 1 > eval, line 3992: TypeError: res.payload.error.data is undefined
JavaScript error: https://www.nike.com/assets/experience/dotcom-snkrs/ux/builds/app.87e19ee10f0a19314eea.js line 1 > eval, line 3992: TypeError: res.payload.error.data is undefined
JavaScript error: https://www.nike.com/assets/experience/dotcom-snkrs/ux/builds/app.87e19ee10f0a19314eea.js line 1 > eval, line 3992: TypeError: res.payload.error.data is undefined
JavaScript error: https://www.nike.com/assets/experience/dotcom-snkrs/ux/builds/app.87e19ee10f0a19314eea.js line 1 > eval, line 3992: TypeError: res.payload.error.data is undefined
JavaScript error: https://www.nike.com/assets/experience/dotcom-snkrs/ux/builds/app.87e19ee10f0a19314eea.js line 1 > eval, line 3992: TypeError: res.payload.error.data is undefined
JavaScript error: https://www.nike.com/assets/experience/dotcom-snkrs/ux/builds/app.87e19ee10f0a19314eea.js line 1 > eval, line 3992: TypeError: res.payload.error.data is undefined
1592843788597	Marionette	WARN	TimedPromise timed out after 500 ms: stacktrace:
TimedPromise/<@chrome://marionette/content/sync.js:245:13
TimedPromise@chrome://marionette/content/sync.js:230:10
interaction.flushEventLoop@chrome://marionette/content/interaction.js:416:10
webdriverClickElement@chrome://marionette/content/interaction.js:182:31
JavaScript error: https://www.nike.com/assets/experience/dotcom-snkrs/ux/builds/app.87e19ee10f0a19314eea.js line 1 > eval, line 3992: TypeError: res.payload.error.data is undefined
JavaScript error: https://www.nike.com/assets/experience/dotcom-snkrs/ux/builds/app.87e19ee10f0a19314eea.js line 1 > eval, line 3992: TypeError: res.payload.error.data is undefined
JavaScript error: https://www.nike.com/assets/experience/dotcom-snkrs/ux/builds/app.87e19ee10f0a19314eea.js line 1 > eval, line 3992: TypeError: res.payload.error.data is undefined
JavaScript error: https://www.nike.com/assets/experience/dotcom-snkrs/ux/builds/app.87e19ee10f0a19314eea.js line 1 > eval, line 3992: TypeError: res.payload.error.data is undefined
JavaScript error: https://www.nike.com/assets/experience/dotcom-snkrs/ux/builds/app.87e19ee10f0a19314eea.js line 1 > eval, line 3992: TypeError: res.payload.error.data is undefined
JavaScript error: https://www.nike.com/assets/experience/dotcom-snkrs/ux/builds/app.87e19ee10f0a19314eea.js line 1 > eval, line 3992: TypeError: res.payload.error.data is undefined
JavaScript error: https://www.nike.com/assets/experience/dotcom-snkrs/ux/builds/app.87e19ee10f0a19314eea.js line 1 > eval, line 3992: TypeError: res.payload.error.data is undefined
JavaScript error: https://www.nike.com/assets/experience/dotcom-snkrs/ux/builds/app.87e19ee10f0a19314eea.js line 1 > eval, line 3992: TypeError: res.payload.error.data is undefined
JavaScript error: https://www.nike.com/assets/experience/dotcom-snkrs/ux/builds/app.87e19ee10f0a19314eea.js line 1 > eval, line 3992: TypeError: res.payload.error.data is undefined
JavaScript error: https://www.nike.com/assets/experience/dotcom-snkrs/ux/builds/app.87e19ee10f0a19314eea.js line 1 > eval, line 3992: TypeError: res.payload.error.data is undefined
JavaScript error: https://www.nike.com/assets/experience/dotcom-snkrs/ux/builds/app.87e19ee10f0a19314eea.js line 1 > eval, line 3992: TypeError: res.payload.error.data is undefined
JavaScript error: https://www.nike.com/assets/experience/dotcom-snkrs/ux/builds/app.87e19ee10f0a19314eea.js line 1 > eval, line 3992: TypeError: res.payload.error.data is undefined
JavaScript error: https://www.nike.com/assets/experience/dotcom-snkrs/ux/builds/app.87e19ee10f0a19314eea.js line 1 > eval, line 3992: TypeError: res.payload.error.data is undefined
JavaScript error: https://www.nike.com/assets/experience/dotcom-snkrs/ux/builds/app.87e19ee10f0a19314eea.js line 1 > eval, line 3992: TypeError: res.payload.error.data is undefined
JavaScript error: https://www.nike.com/assets/experience/dotcom-snkrs/ux/builds/app.87e19ee10f0a19314eea.js line 1 > eval, line 3992: TypeError: res.payload.error.data is undefined
JavaScript error: https://www.nike.com/assets/experience/dotcom-snkrs/ux/builds/app.87e19ee10f0a19314eea.js line 1 > eval, line 3992: TypeError: res.payload.error.data is undefined
JavaScript error: https://www.nike.com/assets/experience/dotcom-snkrs/ux/builds/app.87e19ee10f0a19314eea.js line 1 > eval, line 3992: TypeError: res.payload.error.data is undefined
JavaScript error: https://www.nike.com/assets/experience/dotcom-snkrs/ux/builds/app.87e19ee10f0a19314eea.js line 1 > eval, line 3992: TypeError: res.payload.error.data is undefined
JavaScript error: https://www.nike.com/assets/experience/dotcom-snkrs/ux/builds/app.87e19ee10f0a19314eea.js line 1 > eval, line 3992: TypeError: res.payload.error.data is undefined
JavaScript error: https://www.nike.com/assets/experience/dotcom-snkrs/ux/builds/app.87e19ee10f0a19314eea.js line 1 > eval, line 3992: TypeError: res.payload.error.data is undefined
JavaScript error: https://www.nike.com/assets/experience/dotcom-snkrs/ux/builds/app.87e19ee10f0a19314eea.js line 1 > eval, line 3992: TypeError: res.payload.error.data is undefined
JavaScript error: https://www.nike.com/assets/experience/dotcom-snkrs/ux/builds/app.87e19ee10f0a19314eea.js line 1 > eval, line 3992: TypeError: res.payload.error.data is undefined
JavaScript error: , line 0: TypeError: NetworkError when attempting to fetch resource.
JavaScript error: , line 0: TypeError: NetworkError when attempting to fetch resource.
JavaScript error: , line 0: TypeError: NetworkError when attempting to fetch resource.
JavaScript error: , line 0: TypeError: NetworkError when attempting to fetch resource.
JavaScript error: , line 0: TypeError: NetworkError when attempting to fetch resource.
JavaScript error: , line 0: TypeError: NetworkError when attempting to fetch resource.

###!!! [Child][RunMessage] Error: Channel closing: too late to send/recv, messages will be lost


###!!! [Child][MessageChannel] Error: (msgtype=0x380131,name=PContent::Msg_ScriptError) Channel closing: too late to send/recv, messages will be lost

1592843798451	Marionette	INFO	Stopped listening on port 49180
1592843803254	mozrunner::runner	INFO	Running command: "/Applications/Firefox.app/Contents/MacOS/firefox-bin" "-marionette" "--window-size=1920,1080" "-foreground" "-no-remote" "-profile" "/var/folders/v7/2ymss9rd5kj3gvxbk8ptpl_00000gn/T/rust_mozprofileD3agC6"
1592843805029	Marionette	INFO	Listening on port 49626
1592843805093	Marionette	WARN	TLS certificate errors will be ignored for this session
JavaScript error: , line 0: TypeError: NetworkError when attempting to fetch resource.
JavaScript error: resource://gre/modules/NetworkGeolocationProvider.jsm, line 555: TypeError: xhr.response.location is undefined
JavaScript error: , line 0: TypeError: NetworkError when attempting to fetch resource.
JavaScript error: , line 0: TypeError: NetworkError when attempting to fetch resource.
JavaScript error: , line 0: TypeError: NetworkError when attempting to fetch resource.
JavaScript error: , line 0: TypeError: NetworkError when attempting to fetch resource.
JavaScript error: , line 0: TypeError: NetworkError when attempting to fetch resource.
JavaScript error: , line 0: TypeError: NetworkError when attempting to fetch resource.
JavaScript error: , line 0: TypeError: NetworkError when attempting to fetch resource.
JavaScript error: , line 0: TypeError: NetworkError when attempting to fetch resource.
JavaScript error: , line 0: TypeError: NetworkError when attempting to fetch resource.
JavaScript error: , line 0: TypeError: NetworkError when attempting to fetch resource.
JavaScript error: , line 0: TypeError: NetworkError when attempting to fetch resource.
JavaScript error: , line 0: TypeError: NetworkError when attempting to fetch resource.
JavaScript error: , line 0: TypeError: NetworkError when attempting to fetch resource.
JavaScript error: , line 0: TypeError: NetworkError when attempting to fetch resource.
JavaScript error: , line 0: TypeError: NetworkError when attempting to fetch resource.
JavaScript error: , line 0: TypeError: NetworkError when attempting to fetch resource.

###!!! [Child][RunMessage] Error: Channel closing: too late to send/recv, messages will be lost

1592843837998	Marionette	INFO	Stopped listening on port 49626
1592843915269	mozrunner::runner	INFO	Running command: "/Applications/Firefox.app/Contents/MacOS/firefox-bin" "-marionette" "--window-size=1920,1080" "-foreground" "-no-remote" "-profile" "/var/folders/v7/2ymss9rd5kj3gvxbk8ptpl_00000gn/T/rust_mozprofilehnjRWB"
1592843916983	Marionette	INFO	Listening on port 50307
1592843917011	Marionette	WARN	TLS certificate errors will be ignored for this session
JavaScript error: , line 0: TypeError: NetworkError when attempting to fetch resource.
JavaScript error: resource://devtools/client/jsonview/converter-observer.js, line 76: NS_ERROR_NOT_AVAILABLE: Component returned failure code: 0x80040111 (NS_ERROR_NOT_AVAILABLE) [nsIChannel.contentType]
JavaScript error: https://www.nike.com/assets/experience/dotcom-snkrs/ux/builds/app.87e19ee10f0a19314eea.js line 1 > eval, line 3992: TypeError: res.payload.error.data is undefined
1592843946632	Marionette	INFO	Stopped listening on port 50307
1592844022238	mozrunner::runner	INFO	Running command: "/Applications/Firefox.app/Contents/MacOS/firefox-bin" "-marionette" "--window-size=1920,1080" "-foreground" "-no-remote" "-profile" "/var/folders/v7/2ymss9rd5kj3gvxbk8ptpl_00000gn/T/rust_mozprofileZNnAug"
1592844024115	Marionette	INFO	Listening on port 51031
1592844024179	Marionette	WARN	TLS certificate errors will be ignored for this session
JavaScript error: , line 0: TypeError: NetworkError when attempting to fetch resource.
JavaScript error: resource://gre/modules/NetworkGeolocationProvider.jsm, line 555: TypeError: xhr.response.location is undefined
JavaScript error: https://www.nike.com/assets/experience/dotcom-snkrs/ux/builds/app.87e19ee10f0a19314eea.js line 1 > eval, line 3992: TypeError: res.payload.error.data is undefined
1592844121787	mozrunner::runner	INFO	Running command: "/Applications/Firefox.app/Contents/MacOS/firefox-bin" "-marionette" "--window-size=1920,1080" "-foreground" "-no-remote" "-profile" "/var/folders/v7/2ymss9rd5kj3gvxbk8ptpl_00000gn/T/rust_mozprofilexhVMVn"
1592844123615	Marionette	INFO	Listening on port 51662
1592844123718	Marionette	WARN	TLS certificate errors will be ignored for this session
1592844127413	Marionette	WARN	TimedPromise timed out after 500 ms: stacktrace:
TimedPromise/<@chrome://marionette/content/sync.js:245:13
TimedPromise@chrome://marionette/content/sync.js:230:10
interaction.flushEventLoop@chrome://marionette/content/interaction.js:416:10
webdriverClickElement@chrome://marionette/content/interaction.js:182:31
1592844129507	Marionette	INFO	Stopped listening on port 51031
JavaScript error: https://www.nike.com/assets/experience/dotcom-snkrs/ux/builds/app.87e19ee10f0a19314eea.js line 1 > eval, line 3992: TypeError: res.payload.error.data is undefined
